<?xml version="1.0" encoding="UTF-8"?>
<testsuite xmlns:xsi="http://www.w3.org/2001/XMLSchema-instance" xsi:noNamespaceSchemaLocation="https://maven.apache.org/surefire/maven-surefire-plugin/xsd/surefire-test-report.xsd" version="3.0.1" name="app.AppTest" time="0.067" tests="1" errors="0" skipped="0" failures="0">
  <properties>
    <property name="java.specification.version" value="22"/>
    <property name="sun.cpu.isalist" value="amd64"/>
    <property name="sun.jnu.encoding" value="Cp1252"/>
    <property name="java.class.path" value="C:\Users\igorj\Documents\Faculdade\TCC\structural\target\test-classes;C:\Users\igorj\Documents\Faculdade\TCC\structural\target\classes;C:\Users\igorj\.m2\repository\com\github\javaparser\javaparser-core\3.27.0\javaparser-core-3.27.0.jar;C:\Users\igorj\.m2\repository\org\junit\jupiter\junit-jupiter-api\5.11.0\junit-jupiter-api-5.11.0.jar;C:\Users\igorj\.m2\repository\org\opentest4j\opentest4j\1.3.0\opentest4j-1.3.0.jar;C:\Users\igorj\.m2\repository\org\junit\platform\junit-platform-commons\1.11.0\junit-platform-commons-1.11.0.jar;C:\Users\igorj\.m2\repository\org\apiguardian\apiguardian-api\1.1.2\apiguardian-api-1.1.2.jar;C:\Users\igorj\.m2\repository\org\junit\jupiter\junit-jupiter-params\5.11.0\junit-jupiter-params-5.11.0.jar;"/>
    <property name="java.vm.vendor" value="Oracle Corporation"/>
    <property name="sun.arch.data.model" value="64"/>
    <property name="user.variant" value=""/>
    <property name="java.vendor.url" value="https://java.oracle.com/"/>
    <property name="user.timezone" value="America/Sao_Paulo"/>
    <property name="os.name" value="Windows 11"/>
    <property name="java.vm.specification.version" value="22"/>
    <property name="sun.java.launcher" value="SUN_STANDARD"/>
    <property name="user.country" value="BR"/>
    <property name="sun.boot.library.path" value="C:\Program Files\Java\jdk-22\bin"/>
    <property name="sun.java.command" value="C:\Users\igorj\AppData\Local\Temp\surefire10783654596009913379\surefirebooter-20250912150025825_3.jar C:\Users\igorj\AppData\Local\Temp\surefire10783654596009913379 2025-09-12T15-00-25_640-jvmRun1 surefire-20250912150025825_1tmp surefire_0-20250912150025825_2tmp"/>
    <property name="jdk.debug" value="release"/>
    <property name="surefire.test.class.path" value="C:\Users\igorj\Documents\Faculdade\TCC\structural\target\test-classes;C:\Users\igorj\Documents\Faculdade\TCC\structural\target\classes;C:\Users\igorj\.m2\repository\com\github\javaparser\javaparser-core\3.27.0\javaparser-core-3.27.0.jar;C:\Users\igorj\.m2\repository\org\junit\jupiter\junit-jupiter-api\5.11.0\junit-jupiter-api-5.11.0.jar;C:\Users\igorj\.m2\repository\org\opentest4j\opentest4j\1.3.0\opentest4j-1.3.0.jar;C:\Users\igorj\.m2\repository\org\junit\platform\junit-platform-commons\1.11.0\junit-platform-commons-1.11.0.jar;C:\Users\igorj\.m2\repository\org\apiguardian\apiguardian-api\1.1.2\apiguardian-api-1.1.2.jar;C:\Users\igorj\.m2\repository\org\junit\jupiter\junit-jupiter-params\5.11.0\junit-jupiter-params-5.11.0.jar;"/>
    <property name="sun.cpu.endian" value="little"/>
    <property name="user.home" value="C:\Users\igorj"/>
    <property name="user.language" value="pt"/>
    <property name="java.specification.vendor" value="Oracle Corporation"/>
    <property name="java.version.date" value="2024-03-19"/>
    <property name="java.home" value="C:\Program Files\Java\jdk-22"/>
    <property name="file.separator" value="\"/>
    <property name="basedir" value="C:\Users\igorj\Documents\Faculdade\TCC\structural"/>
    <property name="java.vm.compressedOopsMode" value="Zero based"/>
    <property name="line.separator" value="&#10;"/>
    <property name="java.vm.specification.vendor" value="Oracle Corporation"/>
    <property name="java.specification.name" value="Java Platform API Specification"/>
    <property name="surefire.real.class.path" value="C:\Users\igorj\AppData\Local\Temp\surefire10783654596009913379\surefirebooter-20250912150025825_3.jar"/>
    <property name="user.script" value=""/>
    <property name="sun.management.compiler" value="HotSpot 64-Bit Tiered Compilers"/>
    <property name="java.runtime.version" value="22+36-2370"/>
    <property name="user.name" value="igorj"/>
    <property name="stdout.encoding" value="Cp1252"/>
    <property name="path.separator" value=";"/>
    <property name="os.version" value="10.0"/>
    <property name="java.runtime.name" value="Java(TM) SE Runtime Environment"/>
    <property name="file.encoding" value="UTF-8"/>
    <property name="java.vm.name" value="Java HotSpot(TM) 64-Bit Server VM"/>
    <property name="localRepository" value="C:\Users\igorj\.m2\repository"/>
    <property name="java.vendor.url.bug" value="https://bugreport.java.com/bugreport/"/>
    <property name="java.io.tmpdir" value="C:\Users\igorj\AppData\Local\Temp\"/>
    <property name="java.version" value="22"/>
    <property name="user.dir" value="C:\Users\igorj\Documents\Faculdade\TCC\structural"/>
    <property name="os.arch" value="amd64"/>
    <property name="java.vm.specification.name" value="Java Virtual Machine Specification"/>
    <property name="sun.os.patch.level" value=""/>
    <property name="native.encoding" value="Cp1252"/>
    <property name="java.library.path" value="C:\Program Files\Java\jdk-22\bin;C:\WINDOWS\Sun\Java\bin;C:\WINDOWS\system32;C:\WINDOWS;C:\Program Files\Java\jdk-22\bin;C:\Program Files\PowerShell\7;C:\Program Files (x86)\Common Files\Oracle\Java\java8path;C:\Program Files (x86)\Common Files\Oracle\Java\javapath;C:\Program Files\Java\jdk-22\bin;C:\Windows\system32;C:\Windows;C:\Windows\System32\Wbem;C:\Windows\System32\WindowsPowerShell\v1.0\;C:\Windows\System32\OpenSSH\;C:\Program Files (x86)\NVIDIA Corporation\PhysX\Common;C:\Program Files\NVIDIA Corporation\NVIDIA NvDLISR;C:\WINDOWS\system32;C:\WINDOWS;C:\WINDOWS\System32\Wbem;C:\WINDOWS\System32\WindowsPowerShell\v1.0\;C:\WINDOWS\System32\OpenSSH\;C:\Program Files\Git\cmd;C:\Program Files\Microsoft VS Code\bin;C:\ProgramData\chocolatey\bin;C:\Users\igorj\AppData\Local\Android\Sdk\platform-tools;C:\Users\igorj\AppData\Local\Android\Sdk;C:\MinGW\bin\;C:\Program Files\Calibre2\;C:\Program Files\nodejs\;C:\Program Files\Docker\Docker\resources\bin;C:\Program Files\dotnet\;C:\Program Files\PowerShell\7\;C:\Gradle\gradle-9.0.0\bin;C:\Maven\apache-maven-3.9.11\bin;C:\Users\igorj\AppData\Local\pnpm;C:\Users\igorj\AppData\Local\pnpm\pnpm.exe;C:\Users\igorj\AppData\Local\Programs\Python\Python312\Scripts\;C:\Users\igorj\AppData\Local\Programs\Python\Python312\;C:\Users\igorj\miniconda3;C:\Users\igorj\miniconda3\Library\mingw-w64\bin;C:\Users\igorj\miniconda3\Library\usr\bin;C:\Users\igorj\miniconda3\Library\bin;C:\Users\igorj\miniconda3\Scripts;C:\Program Files\Java\jdk-22\bin;C:\Users\igorj\AppData\Local\Microsoft\WindowsApps;C:\Users\igorj\AppData\Local\Programs\oh-my-posh\bin;C:\Users\igorj\AppData\Local\JetBrains\Toolbox\scripts;C:\Users\igorj\AppData\Local\Programs\Hyper\resources\bin;C:\Users\igorj\AppData\Roaming\Python\Python312;C:\Users\igorj\AppData\Roaming\Python\Python312\Scripts;C:\Program Files\Python312;C:\Program Files\Python312\Scripts\;C:\Program Files\Python312\python.exe;C:\Users\igorj\AppData\Local\Android\Sdk\platform-tools;C:\Users\igorj\.bun\bin;C:\Users\igorj\AppData\Roaming\npm;C:\Program Files\Docker\Docker\resources;;C:\Users\igorj\AppData\Local\Microsoft\WindowsApps;c:\Users\igorj\AppData\Roaming\Code\User\globalStorage\github.copilot-chat\debugCommand;."/>
    <property name="java.vm.info" value="mixed mode, sharing"/>
    <property name="stderr.encoding" value="Cp1252"/>
    <property name="java.vendor" value="Oracle Corporation"/>
    <property name="java.vm.version" value="22+36-2370"/>
    <property name="sun.io.unicode.encoding" value="UnicodeLittle"/>
    <property name="java.class.version" value="66.0"/>
  </properties>
  <testcase name="shouldAnswerWithTrue" classname="app.AppTest" time="0.019"/>
</testsuite>